<?xml version="1.0" encoding="UTF-8"?>
<!-- Generated by org.testng.reporters.JUnitReportReporter -->
<testsuite hostname="Samers-MacBook-Air.local" failures="0" tests="1" name="tests.CreateWalletTest" time="0.360" errors="0" timestamp="2025-04-08T06:18:08 EET" skipped="0">
  <testcase classname="tests.CreateWalletTest" name="TestCreateWalletButton" time="0.360"/>
</testsuite> <!-- tests.CreateWalletTest -->
