<?xml version="1.0" encoding="UTF-8"?>
<!-- Generated by org.testng.reporters.JUnitReportReporter -->
<testsuite hostname="Samers-MacBook-Air.local" failures="0" tests="1" name="tests.SampleTest" time="5.193" errors="0" timestamp="2025-04-08T05:11:29 EET" skipped="0">
  <testcase classname="tests.SampleTest" name="sampleTest" time="5.193"/>
</testsuite> <!-- tests.SampleTest -->
